Environment variables:
  - Apple_PubSub_Socket_Render=/private/tmp/com.apple.launchd.3V1zKrCZyj/Render
  - HOME=/Users/parvindbhatt
  - JAVA_ARCH=x86_64
  - JAVA_MAIN_CLASS_3629=org.sonarsource.scanner.cli.Main
  - LC_CTYPE=UTF-8
  - LOGNAME=parvindbhatt
  - PATH=/usr/local/bin:/usr/bin:/bin:/usr/sbin:/sbin
  - PWD=/Users/parvindbhatt/Desktop/SampleApp
  - SECURITYSESSIONID=186a7
  - SHELL=/bin/bash
  - SHLVL=1
  - SONAR_SCANNER_HOME=/usr/local/Cellar/sonar-scanner/3.3.0.1492/libexec
  - SSH_AUTH_SOCK=/private/tmp/com.apple.launchd.MmtGjN9krs/Listeners
  - TERM=xterm-256color
  - TERM_PROGRAM=Apple_Terminal
  - TERM_PROGRAM_VERSION=421.1
  - TERM_SESSION_ID=A7D4676E-E598-4183-A711-A408ABABE1DB
  - TMPDIR=/var/folders/v9/7ppz2vx91nd93r8vr9wd7blr0000gq/T/
  - USER=parvindbhatt
  - XPC_FLAGS=0x0
  - XPC_SERVICE_NAME=0
  - __CF_USER_TEXT_ENCODING=0x1F7:0x0:0x0
  - com.apple.java.jvmTask=CommandLine
System properties:
  - awt.toolkit=sun.lwawt.macosx.LWCToolkit
  - file.encoding=UTF-8
  - file.encoding.pkg=sun.io
  - file.separator=/
  - ftp.nonProxyHosts=local|*.local|169.254/16|*.169.254/16
  - gopherProxySet=false
  - http.nonProxyHosts=local|*.local|169.254/16|*.169.254/16
  - java.awt.graphicsenv=sun.awt.CGraphicsEnvironment
  - java.awt.headless=true
  - java.awt.printerjob=sun.lwawt.macosx.CPrinterJob
  - java.class.path=/usr/local/Cellar/sonar-scanner/3.3.0.1492/libexec/lib/sonar-scanner-cli-3.3.0.1492.jar
  - java.class.version=52.0
  - java.endorsed.dirs=/Library/Java/JavaVirtualMachines/jdk1.8.0_201.jdk/Contents/Home/jre/lib/endorsed
  - java.ext.dirs=/Users/parvindbhatt/Library/Java/Extensions:/Library/Java/JavaVirtualMachines/jdk1.8.0_201.jdk/Contents/Home/jre/lib/ext:/Library/Java/Extensions:/Network/Library/Java/Extensions:/System/Library/Java/Extensions:/usr/lib/java
  - java.home=/Library/Java/JavaVirtualMachines/jdk1.8.0_201.jdk/Contents/Home/jre
  - java.io.tmpdir=/var/folders/v9/7ppz2vx91nd93r8vr9wd7blr0000gq/T/
  - java.library.path=/Users/parvindbhatt/Library/Java/Extensions:/Library/Java/Extensions:/Network/Library/Java/Extensions:/System/Library/Java/Extensions:/usr/lib/java:.
  - java.runtime.name=Java(TM) SE Runtime Environment
  - java.runtime.version=1.8.0_201-b09
  - java.specification.name=Java Platform API Specification
  - java.specification.vendor=Oracle Corporation
  - java.specification.version=1.8
  - java.vendor=Oracle Corporation
  - java.vendor.url=http://java.oracle.com/
  - java.vendor.url.bug=http://bugreport.sun.com/bugreport/
  - java.version=1.8.0_201
  - java.vm.info=mixed mode
  - java.vm.name=Java HotSpot(TM) 64-Bit Server VM
  - java.vm.specification.name=Java Virtual Machine Specification
  - java.vm.specification.vendor=Oracle Corporation
  - java.vm.specification.version=1.8
  - java.vm.vendor=Oracle Corporation
  - java.vm.version=25.201-b09
  - line.separator=

  - os.arch=x86_64
  - os.name=Mac OS X
  - os.version=10.14.2
  - path.separator=:
  - project.home=/Users/parvindbhatt/Desktop/SampleApp
  - scanner.home=/usr/local/Cellar/sonar-scanner/3.3.0.1492/libexec
  - socksNonProxyHosts=local|*.local|169.254/16|*.169.254/16
  - sun.arch.data.model=64
  - sun.boot.class.path=/Library/Java/JavaVirtualMachines/jdk1.8.0_201.jdk/Contents/Home/jre/lib/resources.jar:/Library/Java/JavaVirtualMachines/jdk1.8.0_201.jdk/Contents/Home/jre/lib/rt.jar:/Library/Java/JavaVirtualMachines/jdk1.8.0_201.jdk/Contents/Home/jre/lib/sunrsasign.jar:/Library/Java/JavaVirtualMachines/jdk1.8.0_201.jdk/Contents/Home/jre/lib/jsse.jar:/Library/Java/JavaVirtualMachines/jdk1.8.0_201.jdk/Contents/Home/jre/lib/jce.jar:/Library/Java/JavaVirtualMachines/jdk1.8.0_201.jdk/Contents/Home/jre/lib/charsets.jar:/Library/Java/JavaVirtualMachines/jdk1.8.0_201.jdk/Contents/Home/jre/lib/jfr.jar:/Library/Java/JavaVirtualMachines/jdk1.8.0_201.jdk/Contents/Home/jre/classes
  - sun.boot.library.path=/Library/Java/JavaVirtualMachines/jdk1.8.0_201.jdk/Contents/Home/jre/lib
  - sun.cpu.endian=little
  - sun.cpu.isalist=
  - sun.io.unicode.encoding=UnicodeBig
  - sun.java.command=org.sonarsource.scanner.cli.Main -X
  - sun.java.launcher=SUN_STANDARD
  - sun.jnu.encoding=UTF-8
  - sun.management.compiler=HotSpot 64-Bit Tiered Compilers
  - sun.os.patch.level=unknown
  - user.country=IN
  - user.dir=/Users/parvindbhatt/Desktop/SampleApp
  - user.home=/Users/parvindbhatt
  - user.language=en
  - user.name=parvindbhatt
  - user.timezone=Asia/Kolkata
SonarQube plugins:
  - SonarPython 1.11.0.2473 (python)
  - SonarCSS 1.0.3.724 (cssfamily)
  - JaCoCo 1.0.1.143 (jacoco)
  - SonarGo 1.1.0.1612 (go)
  - SonarKotlin 1.4.0.155 (kotlin)
  - Svn 1.9.0.1295 (scmsvn)
  - SonarJS 5.0.0.6962 (javascript)
  - SonarRuby 1.4.0.155 (ruby)
  - SonarScala 1.4.0.155 (sonarscala)
  - SonarC# 7.10.0.7896 (csharp)
  - SonarJava 5.10.1.16922 (java)
  - LDAP 2.2.0.608 (ldap)
  - SonarHTML 3.1.0.1615 (web)
  - Git 1.7.0.1491 (scmgit)
  - SonarFlex 2.4.0.1222 (flex)
  - SonarXML 2.0.1.2020 (xml)
  - SonarPHP 2.16.0.4355 (php)
  - SonarTS 1.9.0.3766 (typescript)
  - SonarVB 7.10.0.7896 (vbnet)
Global server settings:
  - sonar.core.id=BF41A1F2-AWjiRAdHnmGgjhGkwLJR
  - sonar.core.startTime=2019-02-12T20:42:15+0530
Project server settings:
Project scanner properties:
  - sonar.exclusions=SampleApp/Third Party/**
  - sonar.host.url=http://localhost:9000
  - sonar.language=swift
  - sonar.projectBaseDir=/Users/parvindbhatt/Desktop/SampleApp
  - sonar.projectKey=SampleApp-iOS
  - sonar.projectName=SampleApp
  - sonar.projectVersion=1.0.1
  - sonar.scanner.app=ScannerCli
  - sonar.scanner.appVersion=3.3.0.1492
  - sonar.sourceEncoding=UTF-8
  - sonar.sources=SampleApp
  - sonar.verbose=true
  - sonar.working.directory=/Users/parvindbhatt/Desktop/SampleApp/.scannerwork
